{
  "stats": {
    "suites": 1,
    "tests": 1,
    "passes": 0,
    "pending": 0,
    "failures": 1,
    "start": "2022-02-02T04:25:19.825Z",
    "end": "2022-02-02T04:26:06.566Z",
    "duration": 46741,
    "testsRegistered": 1,
    "passPercent": 0,
    "pendingPercent": 0,
    "other": 0,
    "hasOther": false,
    "skipped": 0,
    "hasSkipped": false
  },
  "results": [
    {
      "uuid": "8181e6a6-de47-459f-8a7e-0e88dc935951",
      "title": "",
      "fullFile": "cypress/integration/Tekkon/send-email.spec.js",
      "file": "cypress/integration/Tekkon/send-email.spec.js",
      "beforeHooks": [],
      "afterHooks": [],
      "tests": [],
      "suites": [
        {
          "uuid": "fa332dea-0af4-4fab-ab51-e1357c1097c2",
          "title": "Send an email to a user",
          "fullFile": "",
          "file": "",
          "beforeHooks": [],
          "afterHooks": [],
          "tests": [
            {
              "title": "Basic login and test",
              "fullTitle": "Send an email to a user Basic login and test",
              "timedOut": null,
              "duration": 45435,
              "state": "failed",
              "speed": null,
              "pass": false,
              "fail": true,
              "pending": false,
              "context": null,
              "code": "login.login(this.credentials.username, this.credentials.password);\ncy.wait(200);\nlogin.verifyUserLoggedIn(this.credentials.loggedInUsername);\nsendEmail.createNewEmail(this.credentials.sendTo, this.credentials.subject, this.credentials.emailContent);\nsendEmail.verifyMessageSent(this.credentials.sendTo);\ncy.wait(500);\nlogout.logoutDropdown();\nlogout.verifyUserLoggedOut();",
              "err": {
                "message": "CypressError: `cy.screenshot()` timed out waiting `30000ms` to complete.",
                "estack": "CypressError: `cy.screenshot()` timed out waiting `30000ms` to complete.\n    at http://mail.tekkon.com.np/__cypress/runner/cypress_runner.js:160456:81\n    at tryCatcher (http://mail.tekkon.com.np/__cypress/runner/cypress_runner.js:13196:23)\n    at http://mail.tekkon.com.np/__cypress/runner/cypress_runner.js:8318:41\n    at tryCatcher (http://mail.tekkon.com.np/__cypress/runner/cypress_runner.js:13196:23)\n    at Promise._settlePromiseFromHandler (http://mail.tekkon.com.np/__cypress/runner/cypress_runner.js:11131:31)\n    at Promise._settlePromise (http://mail.tekkon.com.np/__cypress/runner/cypress_runner.js:11188:18)\n    at Promise._settlePromise0 (http://mail.tekkon.com.np/__cypress/runner/cypress_runner.js:11233:10)\n    at Promise._settlePromises (http://mail.tekkon.com.np/__cypress/runner/cypress_runner.js:11309:18)\n    at _drainQueueStep (http://mail.tekkon.com.np/__cypress/runner/cypress_runner.js:7903:12)\n    at _drainQueue (http://mail.tekkon.com.np/__cypress/runner/cypress_runner.js:7896:9)\n    at Async.../../node_modules/bluebird/js/release/async.js.Async._drainQueues (http://mail.tekkon.com.np/__cypress/runner/cypress_runner.js:7912:5)\n    at Async.drainQueues (http://mail.tekkon.com.np/__cypress/runner/cypress_runner.js:7782:14)",
                "diff": null
              },
              "uuid": "3da86a11-88be-423d-a72e-79d33f3f4582",
              "parentUUID": "fa332dea-0af4-4fab-ab51-e1357c1097c2",
              "isHook": false,
              "skipped": false
            }
          ],
          "suites": [],
          "passes": [],
          "failures": [
            "3da86a11-88be-423d-a72e-79d33f3f4582"
          ],
          "pending": [],
          "skipped": [],
          "duration": 45435,
          "root": false,
          "rootEmpty": false,
          "_timeout": 2000
        }
      ],
      "passes": [],
      "failures": [],
      "pending": [],
      "skipped": [],
      "duration": 0,
      "root": true,
      "rootEmpty": true,
      "_timeout": 2000
    }
  ],
  "meta": {
    "mocha": {
      "version": "7.0.1"
    },
    "mochawesome": {
      "options": {
        "quiet": false,
        "reportFilename": "report",
        "saveHtml": true,
        "saveJson": true,
        "consoleReporter": "spec",
        "useInlineDiffs": false,
        "code": true
      },
      "version": "7.0.1"
    },
    "marge": {
      "options": {
        "reportDir": "cypress/reports",
        "reportFilename": "report",
        "overwrite": true,
        "html": true,
        "json": true,
        "charts": true
      },
      "version": "6.0.1"
    }
  }
}